Ready.


(mysql-workbench-bin:2919): Gtk-CRITICAL **: gtk_tree_view_unref_tree_helper: assertion 'node != NULL' failed

(mysql-workbench-bin:2919): Gtk-CRITICAL **: gtk_tree_view_unref_tree_helper: assertion 'node != NULL' failed

(mysql-workbench-bin:2919): Gtk-CRITICAL **: gtk_tree_view_unref_tree_helper: assertion 'node != NULL' failed

(mysql-workbench-bin:2919): Gtk-CRITICAL **: gtk_tree_view_unref_tree_helper: assertion 'node != NULL' failed

(mysql-workbench-bin:2919): Gtk-CRITICAL **: gtk_tree_view_unref_tree_helper: assertion 'node != NULL' failed

(mysql-workbench-bin:2919): Gtk-CRITICAL **: gtk_tree_view_unref_tree_helper: assertion 'node != NULL' failed

(mysql-workbench-bin:2919): Gtk-CRITICAL **: gtk_tree_view_unref_tree_helper: assertion 'node != NULL' failed

(mysql-workbench-bin:2919): Gtk-CRITICAL **: gtk_tree_view_unref_tree_helper: assertion 'node != NULL' failed

(mysql-workbench-bin:2919): Gtk-CRITICAL **: gtk_tree_view_unref_tree_helper: assertion 'node != NULL' failed

(mysql-workbench-bin:2919): Gtk-CRITICAL **: gtk_tree_view_unref_tree_helper: assertion 'node != NULL' failed

(mysql-workbench-bin:2919): Gtk-CRITICAL **: gtk_tree_view_unref_tree_helper: assertion 'node != NULL' failed

(mysql-workbench-bin:2919): Gtk-CRITICAL **: gtk_tree_view_unref_tree_helper: assertion 'node != NULL' failed

(mysql-workbench-bin:2919): Gtk-CRITICAL **: gtk_tree_view_unref_tree_helper: assertion 'node != NULL' failed

(mysql-workbench-bin:2919): Gtk-CRITICAL **: gtk_tree_view_unref_tree_helper: assertion 'node != NULL' failed

(mysql-workbench-bin:2919): Gtk-CRITICAL **: gtk_tree_view_unref_tree_helper: assertion 'node != NULL' failed

(mysql-workbench-bin:2919): Gtk-CRITICAL **: gtk_tree_view_unref_tree_helper: assertion 'node != NULL' failed

(mysql-workbench-bin:2919): Gtk-CRITICAL **: gtk_tree_view_unref_tree_helper: assertion 'node != NULL' failed

(mysql-workbench-bin:2919): Gtk-CRITICAL **: gtk_tree_view_unref_tree_helper: assertion 'node != NULL' failed

(mysql-workbench-bin:2919): Gtk-CRITICAL **: IA__gtk_tree_store_set_value: assertion 'column >= 0 && column < tree_store->n_columns' failed

(mysql-workbench-bin:2919): Gtk-CRITICAL **: IA__gtk_tree_store_set_value: assertion 'column >= 0 && column < tree_store->n_columns' failed

(mysql-workbench-bin:2919): Gtk-CRITICAL **: IA__gtk_tree_store_set_value: assertion 'column >= 0 && column < tree_store->n_columns' failed

(mysql-workbench-bin:2919): Gtk-CRITICAL **: IA__gtk_tree_store_set_value: assertion 'column >= 0 && column < tree_store->n_columns' failed

(mysql-workbench-bin:2919): Gtk-CRITICAL **: IA__gtk_tree_store_set_value: assertion 'column >= 0 && column < tree_store->n_columns' failed

(mysql-workbench-bin:2919): Gtk-CRITICAL **: IA__gtk_tree_store_set_value: assertion 'column >= 0 && column < tree_store->n_columns' failed

(mysql-workbench-bin:2919): Gtk-CRITICAL **: IA__gtk_tree_store_set_value: assertion 'column >= 0 && column < tree_store->n_columns' failed

(mysql-workbench-bin:2919): Gtk-CRITICAL **: IA__gtk_tree_store_set_value: assertion 'column >= 0 && column < tree_store->n_columns' failed

(mysql-workbench-bin:2919): Gtk-CRITICAL **: IA__gtk_tree_store_set_value: assertion 'column >= 0 && column < tree_store->n_columns' failed

(mysql-workbench-bin:2919): Gtk-CRITICAL **: IA__gtk_tree_store_set_value: assertion 'column >= 0 && column < tree_store->n_columns' failed

(mysql-workbench-bin:2919): Gtk-CRITICAL **: IA__gtk_tree_store_set_value: assertion 'column >= 0 && column < tree_store->n_columns' failed

(mysql-workbench-bin:2919): Gtk-CRITICAL **: IA__gtk_tree_store_set_value: assertion 'column >= 0 && column < tree_store->n_columns' failed

(mysql-workbench-bin:2919): Gtk-CRITICAL **: IA__gtk_tree_store_set_value: assertion 'column >= 0 && column < tree_store->n_columns' failed

(mysql-workbench-bin:2919): Gtk-CRITICAL **: IA__gtk_tree_store_set_value: assertion 'column >= 0 && column < tree_store->n_columns' failed

(mysql-workbench-bin:2919): Gtk-CRITICAL **: gtk_tree_view_unref_tree_helper: assertion 'node != NULL' failed

(mysql-workbench-bin:2919): Gtk-CRITICAL **: gtk_tree_view_unref_tree_helper: assertion 'node != NULL' failed

(mysql-workbench-bin:2919): Gtk-CRITICAL **: IA__gtk_radio_button_set_group: assertion '!g_slist_find (group, radio_button)' failed

(mysql-workbench-bin:2919): Gtk-CRITICAL **: IA__gtk_radio_button_set_group: assertion '!g_slist_find (group, radio_button)' failed

(mysql-workbench-bin:2919): Gtk-CRITICAL **: IA__gtk_radio_button_set_group: assertion '!g_slist_find (group, radio_button)' failed

(mysql-workbench-bin:2919): Gtk-CRITICAL **: IA__gtk_radio_button_set_group: assertion '!g_slist_find (group, radio_button)' failed

(mysql-workbench-bin:2919): Gtk-CRITICAL **: IA__gtk_radio_button_set_group: assertion '!g_slist_find (group, radio_button)' failed

(mysql-workbench-bin:2919): Gtk-CRITICAL **: gtk_tree_view_unref_tree_helper: assertion 'node != NULL' failed

(mysql-workbench-bin:2919): Gtk-CRITICAL **: gtk_tree_view_unref_tree_helper: assertion 'node != NULL' failed

(mysql-workbench-bin:2919): Gtk-CRITICAL **: gtk_tree_view_unref_tree_helper: assertion 'node != NULL' failed

(mysql-workbench-bin:2919): Gtk-CRITICAL **: gtk_tree_view_unref_tree_helper: assertion 'node != NULL' failed

(mysql-workbench-bin:2919): Gtk-CRITICAL **: gtk_tree_view_unref_tree_helper: assertion 'node != NULL' failed

(mysql-workbench-bin:2919): Gtk-CRITICAL **: IA__gtk_radio_button_set_group: assertion '!g_slist_find (group, radio_button)' failed

(mysql-workbench-bin:2919): Gtk-CRITICAL **: IA__gtk_radio_button_set_group: assertion '!g_slist_find (group, radio_button)' failed

(mysql-workbench-bin:2919): Gtk-CRITICAL **: IA__gtk_radio_button_set_group: assertion '!g_slist_find (group, radio_button)' failed

(mysql-workbench-bin:2919): Gtk-CRITICAL **: IA__gtk_radio_button_set_group: assertion '!g_slist_find (group, radio_button)' failed

(mysql-workbench-bin:2919): Gtk-CRITICAL **: IA__gtk_radio_button_set_group: assertion '!g_slist_find (group, radio_button)' failed

(mysql-workbench-bin:2919): Gtk-CRITICAL **: IA__gtk_radio_button_set_group: assertion '!g_slist_find (group, radio_button)' failed

(mysql-workbench-bin:2919): Gtk-CRITICAL **: IA__gtk_radio_button_set_group: assertion '!g_slist_find (group, radio_button)' failed

(mysql-workbench-bin:2919): Gtk-CRITICAL **: IA__gtk_radio_button_set_group: assertion '!g_slist_find (group, radio_button)' failed

(mysql-workbench-bin:2919): Gtk-CRITICAL **: IA__gtk_radio_button_set_group: assertion '!g_slist_find (group, radio_button)' failed

(mysql-workbench-bin:2919): Gtk-CRITICAL **: IA__gtk_radio_button_set_group: assertion '!g_slist_find (group, radio_button)' failed

(mysql-workbench-bin:2919): Gtk-CRITICAL **: gtk_tree_view_unref_tree_helper: assertion 'node != NULL' failed

(mysql-workbench-bin:2919): Gtk-CRITICAL **: gtk_tree_view_unref_tree_helper: assertion 'node != NULL' failed

(mysql-workbench-bin:2919): Gtk-CRITICAL **: gtk_tree_view_unref_tree_helper: assertion 'node != NULL' failed

(mysql-workbench-bin:2919): Gtk-CRITICAL **: gtk_tree_view_unref_tree_helper: assertion 'node != NULL' failed

(mysql-workbench-bin:2919): Gtk-CRITICAL **: gtk_tree_view_unref_tree_helper: assertion 'node != NULL' failed

(mysql-workbench-bin:2919): Gtk-CRITICAL **: gtk_tree_view_unref_tree_helper: assertion 'node != NULL' failed

** (mysql-workbench-bin:2919): CRITICAL **: gail_notebook_real_remove_gtk: assertion 'obj' failed

(mysql-workbench-bin:2919): Gtk-CRITICAL **: gtk_tree_view_unref_tree_helper: assertion 'node != NULL' failed

(mysql-workbench-bin:2919): Gtk-CRITICAL **: gtk_tree_view_unref_tree_helper: assertion 'node != NULL' failed

(mysql-workbench-bin:2919): Gtk-CRITICAL **: gtk_tree_view_unref_tree_helper: assertion 'node != NULL' failed

(mysql-workbench-bin:2919): Gtk-CRITICAL **: gtk_tree_view_unref_tree_helper: assertion 'node != NULL' failed

(mysql-workbench-bin:2919): Gtk-CRITICAL **: gtk_tree_view_unref_tree_helper: assertion 'node != NULL' failed

(mysql-workbench-bin:2919): Gtk-CRITICAL **: gtk_tree_view_unref_tree_helper: assertion 'node != NULL' failed

(mysql-workbench-bin:2919): Gtk-CRITICAL **: gtk_tree_view_unref_tree_helper: assertion 'node != NULL' failed

(mysql-workbench-bin:2919): Gtk-CRITICAL **: gtk_tree_view_unref_tree_helper: assertion 'node != NULL' failed

(mysql-workbench-bin:2919): Gtk-CRITICAL **: gtk_tree_view_unref_tree_helper: assertion 'node != NULL' failed

(mysql-workbench-bin:2919): Gtk-CRITICAL **: gtk_tree_view_unref_tree_helper: assertion 'node != NULL' failed

(mysql-workbench-bin:2919): Gtk-CRITICAL **: gtk_tree_view_unref_tree_helper: assertion 'node != NULL' failed

(mysql-workbench-bin:2919): Gtk-CRITICAL **: gtk_tree_view_unref_tree_helper: assertion 'node != NULL' failed

(mysql-workbench-bin:2919): Gtk-CRITICAL **: gtk_tree_view_unref_tree_helper: assertion 'node != NULL' failed

(mysql-workbench-bin:2919): Gtk-CRITICAL **: IA__gtk_radio_button_set_group: assertion '!g_slist_find (group, radio_button)' failed

(mysql-workbench-bin:2919): Gtk-CRITICAL **: gtk_tree_view_unref_tree_helper: assertion 'node != NULL' failed

(mysql-workbench-bin:2919): Gtk-CRITICAL **: gtk_tree_view_unref_tree_helper: assertion 'node != NULL' failed

(mysql-workbench-bin:2919): Gtk-CRITICAL **: gtk_tree_view_unref_tree_helper: assertion 'node != NULL' failed

(mysql-workbench-bin:2919): Gtk-CRITICAL **: gtk_tree_view_unref_tree_helper: assertion 'node != NULL' failed

(mysql-workbench-bin:2919): Gtk-CRITICAL **: gtk_tree_view_unref_tree_helper: assertion 'node != NULL' failed

(mysql-workbench-bin:2919): Gtk-CRITICAL **: gtk_tree_view_unref_tree_helper: assertion 'node != NULL' failed

(mysql-workbench-bin:2919): Gtk-CRITICAL **: gtk_tree_view_unref_tree_helper: assertion 'node != NULL' failed

(mysql-workbench-bin:2919): Gtk-CRITICAL **: gtk_tree_view_unref_tree_helper: assertion 'node != NULL' failed

(mysql-workbench-bin:2919): Gtk-CRITICAL **: gtk_tree_view_unref_tree_helper: assertion 'node != NULL' failed

(mysql-workbench-bin:2919): Gtk-CRITICAL **: gtk_tree_view_unref_tree_helper: assertion 'node != NULL' failed

(mysql-workbench-bin:2919): Gtk-CRITICAL **: gtk_tree_view_unref_tree_helper: assertion 'node != NULL' failed

(mysql-workbench-bin:2919): Gtk-CRITICAL **: gtk_tree_view_unref_tree_helper: assertion 'node != NULL' failed

(mysql-workbench-bin:2919): Gtk-CRITICAL **: gtk_tree_view_unref_tree_helper: assertion 'node != NULL' failed

(mysql-workbench-bin:2919): Gtk-CRITICAL **: gtk_tree_view_unref_tree_helper: assertion 'node != NULL' failed

(mysql-workbench-bin:2919): Gtk-CRITICAL **: gtk_tree_view_unref_tree_helper: assertion 'node != NULL' failed

(mysql-workbench-bin:2919): Gtk-CRITICAL **: gtk_tree_view_unref_tree_helper: assertion 'node != NULL' failed

(mysql-workbench-bin:2919): Gtk-CRITICAL **: gtk_tree_view_unref_tree_helper: assertion 'node != NULL' failed

(mysql-workbench-bin:2919): Gtk-CRITICAL **: gtk_tree_view_unref_tree_helper: assertion 'node != NULL' failed

(mysql-workbench-bin:2919): Gtk-CRITICAL **: gtk_tree_view_unref_tree_helper: assertion 'node != NULL' failed

(mysql-workbench-bin:2919): Gtk-CRITICAL **: gtk_tree_view_unref_tree_helper: assertion 'node != NULL' failed

(mysql-workbench-bin:2919): Gtk-CRITICAL **: gtk_tree_view_unref_tree_helper: assertion 'node != NULL' failed

(mysql-workbench-bin:2919): Gtk-CRITICAL **: gtk_tree_view_unref_tree_helper: assertion 'node != NULL' failed

(mysql-workbench-bin:2919): Gtk-CRITICAL **: gtk_tree_view_unref_tree_helper: assertion 'node != NULL' failed

(mysql-workbench-bin:2919): Gtk-CRITICAL **: gtk_tree_view_unref_tree_helper: assertion 'node != NULL' failed

(mysql-workbench-bin:2919): Gtk-CRITICAL **: gtk_tree_view_unref_tree_helper: assertion 'node != NULL' failed

(mysql-workbench-bin:2919): Gtk-CRITICAL **: IA__gtk_tree_store_set_value: assertion 'column >= 0 && column < tree_store->n_columns' failed

(mysql-workbench-bin:2919): Gtk-CRITICAL **: IA__gtk_tree_store_set_value: assertion 'column >= 0 && column < tree_store->n_columns' failed

(mysql-workbench-bin:2919): Gtk-CRITICAL **: IA__gtk_tree_store_set_value: assertion 'column >= 0 && column < tree_store->n_columns' failed

(mysql-workbench-bin:2919): Gtk-CRITICAL **: IA__gtk_tree_store_set_value: assertion 'column >= 0 && column < tree_store->n_columns' failed

(mysql-workbench-bin:2919): Gtk-CRITICAL **: gtk_tree_view_unref_tree_helper: assertion 'node != NULL' failed

(mysql-workbench-bin:2919): Gtk-CRITICAL **: gtk_tree_view_unref_tree_helper: assertion 'node != NULL' failed

(mysql-workbench-bin:2919): Gtk-CRITICAL **: gtk_tree_view_unref_tree_helper: assertion 'node != NULL' failed

(mysql-workbench-bin:2919): Gtk-CRITICAL **: gtk_tree_view_unref_tree_helper: assertion 'node != NULL' failed

(mysql-workbench-bin:2919): Gtk-CRITICAL **: gtk_tree_view_unref_tree_helper: assertion 'node != NULL' failed

(mysql-workbench-bin:2919): Gtk-CRITICAL **: gtk_tree_view_unref_tree_helper: assertion 'node != NULL' failed

(mysql-workbench-bin:2919): Gtk-CRITICAL **: gtk_tree_view_unref_tree_helper: assertion 'node != NULL' failed

(mysql-workbench-bin:2919): Gtk-CRITICAL **: gtk_tree_view_unref_tree_helper: assertion 'node != NULL' failed

(mysql-workbench-bin:2919): Gtk-CRITICAL **: gtk_tree_view_unref_tree_helper: assertion 'node != NULL' failed

(mysql-workbench-bin:2919): Gtk-CRITICAL **: gtk_tree_view_unref_tree_helper: assertion 'node != NULL' failed

(mysql-workbench-bin:2919): Gtk-CRITICAL **: gtk_tree_view_unref_tree_helper: assertion 'node != NULL' failed

(mysql-workbench-bin:2919): Gtk-CRITICAL **: gtk_tree_view_unref_tree_helper: assertion 'node != NULL' failed

(mysql-workbench-bin:2919): Gtk-CRITICAL **: gtk_tree_view_unref_tree_helper: assertion 'node != NULL' failed
Killed
